<?xml version="1.0" encoding="UTF-8"?>
<!-- Generated by org.testng.reporters.JUnitXMLReporter -->
<testsuite hostname="LAPTOP-M8LMA397" ignored="0" name="RestAssuredtest" tests="8" failures="0" timestamp="2020-07-07T18:18:05 CDT" time="8.483" errors="0">
  <testcase name="checkresponsetime" time="0.019" classname="testCases.TC1_Get_AllEmployee"/>
  <testcase name="checkstatusbody" time="0.043" classname="testCases.TC1_Get_AllEmployee"/>
  <testcase name="checkstatuscode" time="0.008" classname="testCases.TC1_Get_AllEmployee"/>
  <testcase name="checkstatusline" time="0.009" classname="testCases.TC1_Get_AllEmployee"/>
  <testcase name="checkresponsetime" time="0.004" classname="testCases.TC2_Post_Employee"/>
  <testcase name="checkstatusbody" time="0.008" classname="testCases.TC2_Post_Employee"/>
  <testcase name="checkstatuscode" time="0.008" classname="testCases.TC2_Post_Employee"/>
  <testcase name="checkstatusline" time="0.005" classname="testCases.TC2_Post_Employee"/>
</testsuite> <!-- RestAssuredtest -->
