<?xml version="1.0" encoding="UTF-8"?>
<!-- Generated by org.testng.reporters.JUnitXMLReporter -->
<testsuite hostname="LAPTOP-M8LMA397" ignored="0" name="RestAssuredtest" tests="8" failures="0" timestamp="2019-11-04T19:47:04 CST" time="3.968" errors="0">
  <testcase name="checkresponsetime" time="0.003" classname="testCases.TC1_Get_AllEmployee"/>
  <testcase name="checkstatusbody" time="0.046" classname="testCases.TC1_Get_AllEmployee"/>
  <testcase name="checkstatuscode" time="0.001" classname="testCases.TC1_Get_AllEmployee"/>
  <testcase name="checkstatusline" time="0.001" classname="testCases.TC1_Get_AllEmployee"/>
  <testcase name="checkresponsetime" time="0.003" classname="testCases.TC2_Post_Employee"/>
  <testcase name="checkstatusbody" time="0.033" classname="testCases.TC2_Post_Employee"/>
  <testcase name="checkstatuscode" time="0.002" classname="testCases.TC2_Post_Employee"/>
  <testcase name="checkstatusline" time="0.001" classname="testCases.TC2_Post_Employee"/>
</testsuite> <!-- RestAssuredtest -->
